#
# There is insufficient memory for the Java Runtime Environment to continue.
# Native memory allocation (malloc) failed to allocate 1048576 bytes. Error detail: AllocateHeap
# Possible reasons:
#   The system is out of physical RAM or swap space
#   This process is running with CompressedOops enabled, and the Java Heap may be blocking the growth of the native heap
# Possible solutions:
#   Reduce memory load on the system
#   Increase physical memory or swap space
#   Check if swap backing store is full
#   Decrease Java heap size (-Xmx/-Xms)
#   Decrease number of Java threads
#   Decrease Java thread stack sizes (-Xss)
#   Set larger code cache with -XX:ReservedCodeCacheSize=
#   JVM is running with Unscaled Compressed Oops mode in which the Java heap is
#     placed in the first 4GB address space. The Java Heap base address is the
#     maximum limit for the native heap growth. Please use -XX:HeapBaseMinAddress
#     to set the Java Heap base and to place the Java Heap above 4GB virtual address.
# This output file may be truncated or incomplete.
#
#  Out of Memory Error (allocation.cpp:44), pid=2696, tid=12192
#
# JRE version: OpenJDK Runtime Environment Temurin-21.0.8+9 (21.0.8+9) (build 21.0.8+9-LTS)
# Java VM: OpenJDK 64-Bit Server VM Temurin-21.0.8+9 (21.0.8+9-LTS, mixed mode, sharing, tiered, compressed oops, compressed class ptrs, parallel gc, windows-amd64)
# No core dump will be written. Minidumps are not enabled by default on client versions of Windows
#

---------------  S U M M A R Y ------------

Command Line: --add-modules=ALL-SYSTEM --add-opens=java.base/java.util=ALL-UNNAMED --add-opens=java.base/java.lang=ALL-UNNAMED --add-opens=java.base/sun.nio.fs=ALL-UNNAMED -Declipse.application=org.eclipse.jdt.ls.core.id1 -Dosgi.bundles.defaultStartLevel=4 -Declipse.product=org.eclipse.jdt.ls.core.product -Djava.import.generatesMetadataFilesAtProjectRoot=false -DDetectVMInstallationsJob.disabled=true -Dfile.encoding=utf8 -XX:+UseParallelGC -XX:GCTimeRatio=4 -XX:AdaptiveSizePolicyWeight=90 -Dsun.zip.disableMemoryMapping=true -Xmx2G -Xms100m -Xlog:disable -javaagent:c:\Users\Olga\.vscode\extensions\redhat.java-1.47.0-win32-x64\lombok\lombok-1.18.39-4050.jar -XX:+HeapDumpOnOutOfMemoryError -XX:HeapDumpPath=c:\Users\Olga\AppData\Roaming\Code\User\workspaceStorage\759ceda8d500d5442b97ddd038e91e8d\redhat.java -Daether.dependencyCollector.impl=bf c:\Users\Olga\.vscode\extensions\redhat.java-1.47.0-win32-x64\server\plugins\org.eclipse.equinox.launcher_1.7.100.v20251014-1222.jar -configuration c:\Users\Olga\AppData\Roaming\Code\User\globalStorage\redhat.java\1.47.0\config_win -data c:\Users\Olga\AppData\Roaming\Code\User\workspaceStorage\759ceda8d500d5442b97ddd038e91e8d\redhat.java\jdt_ws --pipe=\\.\pipe\lsp-353f05046d0c8c46c6efc8cce4f98089-sock

Host: 13th Gen Intel(R) Core(TM) i5-13420H, 12 cores, 7G,  Windows 11 , 64 bit Build 26100 (10.0.26100.7019)
Time: Wed Nov 19 19:13:45 2025 Hora estándar romance elapsed time: 11634.560986 seconds (0d 3h 13m 54s)

---------------  T H R E A D  ---------------

Current thread (0x00000296f9776dc0):  JavaThread "Attach Listener" daemon [_thread_in_vm, id=12192, stack(0x000000c747000000,0x000000c747100000) (1024K)]

Stack: [0x000000c747000000,0x000000c747100000]
Native frames: (J=compiled Java code, j=interpreted, Vv=VM code, C=native code)
V  [jvm.dll+0x6d2449]
V  [jvm.dll+0x8ae341]
V  [jvm.dll+0x8b08be]
V  [jvm.dll+0x8b0fa3]
V  [jvm.dll+0x280c96]
V  [jvm.dll+0xc0347]
V  [jvm.dll+0x6d2cf9]
V  [jvm.dll+0x131116]
V  [jvm.dll+0x3f2d16]
V  [jvm.dll+0x857e6b]
V  [jvm.dll+0x6d0b0d]
C  [ucrtbase.dll+0x37b0]
C  [KERNEL32.DLL+0x2e8d7]
C  [ntdll.dll+0x8c53c]


---------------  P R O C E S S  ---------------

Threads class SMR info:
_java_thread_list=0x00000296c1194cf0, length=45, elements={
0x00000296e0eca600, 0x00000296e0e7e0c0, 0x00000296f97716a0, 0x00000296f9774b50,
0x00000296f9776dc0, 0x00000296f9777a10, 0x00000296f9778660, 0x00000296f977b4a0,
0x00000296f97f4260, 0x00000296e0f39a00, 0x00000296f9b6d600, 0x00000296fe6da0d0,
0x00000296fe6dadf0, 0x00000296fe6dbb10, 0x00000296fe6dc830, 0x00000296fe6dcec0,
0x00000296fe6dd550, 0x00000296fe6da760, 0x00000296fe6db480, 0x00000296fef15f30,
0x00000296fef13e60, 0x00000296fef158a0, 0x00000296fef16c50, 0x00000296fef137d0,
0x00000296c1a102d0, 0x00000296c1a11680, 0x00000296c1a10ff0, 0x00000296c1a11d10,
0x00000296c1a130c0, 0x00000296c1a123a0, 0x00000296c1a12a30, 0x00000296c1a10960,
0x00000296c1a0fc40, 0x00000296c1a15eb0, 0x00000296c1a16540, 0x00000296c1a16bd0,
0x00000296c253c060, 0x00000296c3bd1e20, 0x00000296c3bcf6c0, 0x00000296c3bcfd50,
0x00000296c3bd03e0, 0x00000296c3bce9a0, 0x00000296fef24650, 0x00000296c2538550,
0x00000296c253cd80
}

Java Threads: ( => current thread )
  0x00000296e0eca600 JavaThread "main"                              [_thread_blocked, id=16688, stack(0x000000c746900000,0x000000c746a00000) (1024K)]
  0x00000296e0e7e0c0 JavaThread "Reference Handler"          daemon [_thread_blocked, id=17392, stack(0x000000c746d00000,0x000000c746e00000) (1024K)]
  0x00000296f97716a0 JavaThread "Finalizer"                  daemon [_thread_blocked, id=4596, stack(0x000000c746e00000,0x000000c746f00000) (1024K)]
  0x00000296f9774b50 JavaThread "Signal Dispatcher"          daemon [_thread_blocked, id=23816, stack(0x000000c746f00000,0x000000c747000000) (1024K)]
=>0x00000296f9776dc0 JavaThread "Attach Listener"            daemon [_thread_in_vm, id=12192, stack(0x000000c747000000,0x000000c747100000) (1024K)]
  0x00000296f9777a10 JavaThread "Service Thread"             daemon [_thread_blocked, id=23036, stack(0x000000c747100000,0x000000c747200000) (1024K)]
  0x00000296f9778660 JavaThread "Monitor Deflation Thread"   daemon [_thread_blocked, id=18908, stack(0x000000c747200000,0x000000c747300000) (1024K)]
  0x00000296f977b4a0 JavaThread "C2 CompilerThread0"         daemon [_thread_blocked, id=14416, stack(0x000000c747300000,0x000000c747400000) (1024K)]
  0x00000296f97f4260 JavaThread "C1 CompilerThread0"         daemon [_thread_blocked, id=5044, stack(0x000000c747400000,0x000000c747500000) (1024K)]
  0x00000296e0f39a00 JavaThread "Common-Cleaner"             daemon [_thread_blocked, id=11524, stack(0x000000c747500000,0x000000c747600000) (1024K)]
  0x00000296f9b6d600 JavaThread "Notification Thread"        daemon [_thread_blocked, id=3312, stack(0x000000c747600000,0x000000c747700000) (1024K)]
  0x00000296fe6da0d0 JavaThread "Active Thread: Equinox Container: e58cf5f9-ebc1-428c-b0ec-a02ef8d70571"        [_thread_blocked, id=392, stack(0x000000c747700000,0x000000c747800000) (1024K)]
  0x00000296fe6dadf0 JavaThread "Refresh Thread: Equinox Container: e58cf5f9-ebc1-428c-b0ec-a02ef8d70571" daemon [_thread_blocked, id=11968, stack(0x000000c747f00000,0x000000c748000000) (1024K)]
  0x00000296fe6dbb10 JavaThread "Framework Event Dispatcher: Equinox Container: e58cf5f9-ebc1-428c-b0ec-a02ef8d70571" daemon [_thread_blocked, id=12524, stack(0x000000c748000000,0x000000c748100000) (1024K)]
  0x00000296fe6dc830 JavaThread "Start Level: Equinox Container: e58cf5f9-ebc1-428c-b0ec-a02ef8d70571" daemon [_thread_blocked, id=19800, stack(0x000000c748100000,0x000000c748200000) (1024K)]
  0x00000296fe6dcec0 JavaThread "Bundle File Closer"         daemon [_thread_blocked, id=17288, stack(0x000000c748300000,0x000000c748400000) (1024K)]
  0x00000296fe6dd550 JavaThread "SCR Component Actor"        daemon [_thread_blocked, id=22208, stack(0x000000c748400000,0x000000c748500000) (1024K)]
  0x00000296fe6da760 JavaThread "Worker-JM"                         [_thread_blocked, id=20188, stack(0x000000c748600000,0x000000c748700000) (1024K)]
  0x00000296fe6db480 JavaThread "JNA Cleaner"                daemon [_thread_blocked, id=14652, stack(0x000000c748700000,0x000000c748800000) (1024K)]
  0x00000296fef15f30 JavaThread "Java indexing"              daemon [_thread_blocked, id=16000, stack(0x000000c748a00000,0x000000c748b00000) (1024K)]
  0x00000296fef13e60 JavaThread "Thread-1"                   daemon [_thread_in_native, id=16300, stack(0x000000c748f00000,0x000000c749000000) (1024K)]
  0x00000296fef158a0 JavaThread "Thread-2"                   daemon [_thread_in_native, id=8288, stack(0x000000c749000000,0x000000c749100000) (1024K)]
  0x00000296fef16c50 JavaThread "Thread-3"                   daemon [_thread_in_native, id=22764, stack(0x000000c749100000,0x000000c749200000) (1024K)]
  0x00000296fef137d0 JavaThread "Thread-4"                   daemon [_thread_in_native, id=21336, stack(0x000000c749200000,0x000000c749300000) (1024K)]
  0x00000296c1a102d0 JavaThread "Thread-5"                   daemon [_thread_in_native, id=5180, stack(0x000000c749300000,0x000000c749400000) (1024K)]
  0x00000296c1a11680 JavaThread "Thread-6"                   daemon [_thread_in_native, id=19580, stack(0x000000c749400000,0x000000c749500000) (1024K)]
  0x00000296c1a10ff0 JavaThread "Thread-7"                   daemon [_thread_in_native, id=24744, stack(0x000000c749500000,0x000000c749600000) (1024K)]
  0x00000296c1a11d10 JavaThread "Thread-8"                   daemon [_thread_in_native, id=22748, stack(0x000000c749600000,0x000000c749700000) (1024K)]
  0x00000296c1a130c0 JavaThread "Thread-9"                   daemon [_thread_in_native, id=11680, stack(0x000000c749700000,0x000000c749800000) (1024K)]
  0x00000296c1a123a0 JavaThread "Thread-10"                  daemon [_thread_in_native, id=15184, stack(0x000000c749800000,0x000000c749900000) (1024K)]
  0x00000296c1a12a30 JavaThread "Thread-11"                  daemon [_thread_in_native, id=7524, stack(0x000000c749900000,0x000000c749a00000) (1024K)]
  0x00000296c1a10960 JavaThread "Thread-12"                  daemon [_thread_in_native, id=19772, stack(0x000000c749a00000,0x000000c749b00000) (1024K)]
  0x00000296c1a0fc40 JavaThread "Thread-13"                  daemon [_thread_in_native, id=11128, stack(0x000000c749b00000,0x000000c749c00000) (1024K)]
  0x00000296c1a15eb0 JavaThread "pool-2-thread-1"                   [_thread_blocked, id=11572, stack(0x000000c749c00000,0x000000c749d00000) (1024K)]
  0x00000296c1a16540 JavaThread "WorkspaceEventsHandler"            [_thread_blocked, id=21956, stack(0x000000c749d00000,0x000000c749e00000) (1024K)]
  0x00000296c1a16bd0 JavaThread "pool-1-thread-1"                   [_thread_blocked, id=21072, stack(0x000000c749e00000,0x000000c749f00000) (1024K)]
  0x00000296c253c060 JavaThread "Cleaner-0"                  daemon [_thread_blocked, id=15592, stack(0x000000c74a400000,0x000000c74a500000) (1024K)]
  0x00000296c3bd1e20 JavaThread "Java Debug Server"          daemon [_thread_in_native, id=13136, stack(0x000000c74a200000,0x000000c74a300000) (1024K)]
  0x00000296c3bcf6c0 JavaThread "pool-10-thread-1"                  [_thread_in_native, id=24508, stack(0x000000c74a500000,0x000000c74a600000) (1024K)]
  0x00000296c3bcfd50 JavaThread "RxSchedulerPurge-1"         daemon [_thread_blocked, id=16812, stack(0x000000c74a600000,0x000000c74a700000) (1024K)]
  0x00000296c3bd03e0 JavaThread "RxCachedWorkerPoolEvictor-1" daemon [_thread_blocked, id=14840, stack(0x000000c74a800000,0x000000c74a900000) (1024K)]
  0x00000296c3bce9a0 JavaThread "RxNewThreadScheduler-1"     daemon [_thread_blocked, id=11780, stack(0x000000c74a900000,0x000000c74aa00000) (1024K)]
  0x00000296fef24650 JavaThread "process reaper (pid 16220)" daemon [_thread_in_native, id=11864, stack(0x000000c746380000,0x000000c7463a0000) (128K)]
  0x00000296c2538550 JavaThread "Worker-84"                         [_thread_blocked, id=7812, stack(0x000000c746700000,0x000000c746800000) (1024K)]
  0x00000296c253cd80 JavaThread "Worker-86"                         [_thread_blocked, id=9080, stack(0x000000c74a000000,0x000000c74a100000) (1024K)]
Total: 45

Other Threads:
  0x00000296e0e64530 VMThread "VM Thread"                           [id=796, stack(0x000000c746c00000,0x000000c746d00000) (1024K)]
  0x00000296e0d5ca00 WatcherThread "VM Periodic Task Thread"        [id=13648, stack(0x000000c746b00000,0x000000c746c00000) (1024K)]
  0x00000296e0ee9dd0 WorkerThread "GC Thread#0"                     [id=23144, stack(0x000000c746a00000,0x000000c746b00000) (1024K)]
  0x00000296fe74dce0 WorkerThread "GC Thread#1"                     [id=11820, stack(0x000000c747800000,0x000000c747900000) (1024K)]
  0x00000296fe74e080 WorkerThread "GC Thread#2"                     [id=23720, stack(0x000000c747900000,0x000000c747a00000) (1024K)]
  0x00000296fe74e420 WorkerThread "GC Thread#3"                     [id=17744, stack(0x000000c747a00000,0x000000c747b00000) (1024K)]
  0x00000296fe74e7c0 WorkerThread "GC Thread#4"                     [id=25116, stack(0x000000c747b00000,0x000000c747c00000) (1024K)]
  0x00000296fe74eb60 WorkerThread "GC Thread#5"                     [id=15812, stack(0x000000c747c00000,0x000000c747d00000) (1024K)]
  0x00000296fe74ef00 WorkerThread "GC Thread#6"                     [id=23996, stack(0x000000c747d00000,0x000000c747e00000) (1024K)]
  0x00000296fe698ed0 WorkerThread "GC Thread#7"                     [id=24212, stack(0x000000c747e00000,0x000000c747f00000) (1024K)]
  0x00000296f98f2bc0 WorkerThread "GC Thread#8"                     [id=13460, stack(0x000000c746600000,0x000000c746700000) (1024K)]
  0x00000296fe5d0c20 WorkerThread "GC Thread#9"                     [id=12564, stack(0x000000c748200000,0x000000c748300000) (1024K)]
Total: 12

Threads with active compile tasks:
Total: 0

VM state: not at safepoint (normal execution)

VM Mutex/Monitor currently owned by a thread: None

Heap address: 0x0000000080000000, size: 2048 MB, Compressed Oops mode: 32-bit

CDS archive(s) mapped at: [0x0000029680000000-0x0000029680ba0000-0x0000029680ba0000), size 12189696, SharedBaseAddress: 0x0000029680000000, ArchiveRelocationMode: 1.
Compressed class space mapped at: 0x0000029681000000-0x00000296c1000000, reserved size: 1073741824
Narrow klass base: 0x0000029680000000, Narrow klass shift: 0, Narrow klass range: 0x100000000

GC Precious Log:
 CardTable entry size: 512
 CPUs: 12 total, 12 available
 Memory: 7915M
 Large Page Support: Disabled
 NUMA Support: Disabled
 Compressed Oops: Enabled (32-bit)
 Alignments: Space 512K, Generation 512K, Heap 2M
 Heap Min Capacity: 100M
 Heap Initial Capacity: 100M
 Heap Max Capacity: 2G
 Pre-touch: Disabled
 Parallel Workers: 10

Heap:
 PSYoungGen      total 9728K, used 4646K [0x00000000d5580000, 0x00000000d6580000, 0x0000000100000000)
  eden space 9216K, 46% used [0x00000000d5580000,0x00000000d59b9b10,0x00000000d5e80000)
  from space 512K, 62% used [0x00000000d6480000,0x00000000d64d0000,0x00000000d6500000)
  to   space 512K, 0% used [0x00000000d6500000,0x00000000d6500000,0x00000000d6580000)
 ParOldGen       total 468992K, used 468529K [0x0000000080000000, 0x000000009ca00000, 0x00000000d5580000)
  object space 468992K, 99% used [0x0000000080000000,0x000000009c98c7e8,0x000000009ca00000)
 Metaspace       used 91719K, committed 93312K, reserved 1179648K
  class space    used 9074K, committed 9792K, reserved 1048576K

Card table byte_map: [0x00000296e0870000,0x00000296e0c80000] _byte_map_base: 0x00000296e0470000

Marking Bits: (ParMarkBitMap*) 0x00007ffd1ac7a340
 Begin Bits: [0x00000296f3370000, 0x00000296f5370000)
 End Bits:   [0x00000296f5370000, 0x00000296f7370000)

Polling page: 0x00000296dec80000

Metaspace:

Usage:
  Non-class:     80.71 MB used.
      Class:      8.86 MB used.
       Both:     89.57 MB used.

Virtual space:
  Non-class space:      128.00 MB reserved,      81.56 MB ( 64%) committed,  2 nodes.
      Class space:        1.00 GB reserved,       9.56 MB ( <1%) committed,  1 nodes.
             Both:        1.12 GB reserved,      91.12 MB (  8%) committed. 

Chunk freelists:
   Non-Class:  14.00 MB
       Class:  6.44 MB
        Both:  20.44 MB

MaxMetaspaceSize: unlimited
CompressedClassSpaceSize: 1.00 GB
Initial GC threshold: 21.00 MB
Current GC threshold: 151.81 MB
CDS: on
 - commit_granule_bytes: 65536.
 - commit_granule_words: 8192.
 - virtual_space_node_default_size: 8388608.
 - enlarge_chunks_in_place: 1.
 - use_allocation_guard: 0.


Internal statistics:

num_allocs_failed_limit: 9.
num_arena_births: 2120.
num_arena_deaths: 596.
num_vsnodes_births: 3.
num_vsnodes_deaths: 0.
num_space_committed: 1458.
num_space_uncommitted: 0.
num_chunks_returned_to_freelist: 732.
num_chunks_taken_from_freelist: 7270.
num_chunk_merges: 209.
num_chunk_splits: 4054.
num_chunks_enlarged: 2094.
num_inconsistent_stats: 0.

CodeHeap 'non-profiled nmethods': size=120000Kb used=21232Kb max_used=22840Kb free=98767Kb
 bounds [0x00000296ebb90000, 0x00000296ed1e0000, 0x00000296f30c0000]
CodeHeap 'profiled nmethods': size=120000Kb used=35602Kb max_used=48857Kb free=84397Kb
 bounds [0x00000296e40c0000, 0x00000296e7080000, 0x00000296eb5f0000]
CodeHeap 'non-nmethods': size=5760Kb used=1508Kb max_used=1586Kb free=4251Kb
 bounds [0x00000296eb5f0000, 0x00000296eb860000, 0x00000296ebb90000]
CodeCache: size=245760Kb, used=58342Kb, max_used=73283Kb, free=187415Kb
 total_blobs=16598, nmethods=15766, adapters=734, full_count=0
Compilation: enabled, stopped_count=0, restarted_count=0

Compilation events (20 events):
Event: 9424.391 Thread 0x00000296f97f4260 27535       3       java.util.logging.LogManager$LoggerContext::ensureDefaultLogger (71 bytes)
Event: 9424.394 Thread 0x00000296f97f4260 nmethod 27535 0x00000296e4456310 code [0x00000296e4456520, 0x00000296e4456c90]
Event: 9432.653 Thread 0x00000296f97f4260 27536       3       java.lang.invoke.LambdaForm$MH/0x0000029681176000::invoke (42 bytes)
Event: 9432.656 Thread 0x00000296f97f4260 nmethod 27536 0x00000296e59f4310 code [0x00000296e59f45a0, 0x00000296e59f5320]
Event: 9432.656 Thread 0x00000296f97f4260 27537       3       java.lang.invoke.LambdaForm$MH/0x0000029681175c00::invoke (42 bytes)
Event: 9432.658 Thread 0x00000296f97f4260 nmethod 27537 0x00000296e5e4d290 code [0x00000296e5e4d520, 0x00000296e5e4e2a0]
Event: 9432.879 Thread 0x00000296f977b4a0 27538       4       org.eclipse.jdt.internal.compiler.lookup.AnnotationBinding::resolve (1 bytes)
Event: 9432.879 Thread 0x00000296f977b4a0 nmethod 27538 0x00000296ec995b10 code [0x00000296ec995ca0, 0x00000296ec995d28]
Event: 9585.858 Thread 0x00000296f977b4a0 27539       4       java.lang.Module::isNamed (13 bytes)
Event: 9585.859 Thread 0x00000296f977b4a0 nmethod 27539 0x00000296ec9ab590 code [0x00000296ec9ab720, 0x00000296ec9ab7b0]
Event: 9585.869 Thread 0x00000296f97f4260 27540       3       com.sun.org.apache.xml.internal.serializer.ToStream::shouldFormatOutput (20 bytes)
Event: 9585.870 Thread 0x00000296f97f4260 nmethod 27540 0x00000296e5e52b10 code [0x00000296e5e52cc0, 0x00000296e5e52e58]
Event: 9585.875 Thread 0x00000296f97f4260 27541       1       org.eclipse.jdt.launching.LibraryLocation::getSystemLibraryPath (5 bytes)
Event: 9585.875 Thread 0x00000296f97f4260 nmethod 27541 0x00000296ec9b4710 code [0x00000296ec9b48a0, 0x00000296ec9b4968]
Event: 9586.086 Thread 0x00000296f97f4260 27542   !   3       com.sun.org.apache.xerces.internal.impl.XMLEntityManager::endEntity (275 bytes)
Event: 9586.093 Thread 0x00000296f97f4260 nmethod 27542 0x00000296e445d210 code [0x00000296e445d5a0, 0x00000296e445eb20]
Event: 11053.138 Thread 0x00000296f977b4a0 27543       4       java.util.concurrent.locks.AbstractQueuedSynchronizer$ConditionObject::unlinkCancelledWaiters (91 bytes)
Event: 11053.390 Thread 0x00000296f977b4a0 nmethod 27543 0x00000296ec9dc190 code [0x00000296ec9dc320, 0x00000296ec9dc470]
Event: 11179.868 Thread 0x00000296f97f4260 27544       3       java.util.HashMap$Node::setValue (12 bytes)
Event: 11179.915 Thread 0x00000296f97f4260 nmethod 27544 0x00000296e4a5c090 code [0x00000296e4a5c220, 0x00000296e4a5c348]

GC Heap History (20 events):
Event: 9395.912 GC heap before
{Heap before GC invocations=3571 (full 8):
 PSYoungGen      total 6144K, used 6131K [0x00000000d5580000, 0x00000000d6780000, 0x0000000100000000)
  eden space 4096K, 100% used [0x00000000d5580000,0x00000000d5980000,0x00000000d5980000)
  from space 2048K, 99% used [0x00000000d5980000,0x00000000d5b7ce90,0x00000000d5b80000)
  to   space 6656K, 0% used [0x00000000d6100000,0x00000000d6100000,0x00000000d6780000)
 ParOldGen       total 417792K, used 417629K [0x0000000080000000, 0x0000000099800000, 0x00000000d5580000)
  object space 417792K, 99% used [0x0000000080000000,0x00000000997d7638,0x0000000099800000)
 Metaspace       used 91678K, committed 93312K, reserved 1179648K
  class space    used 9074K, committed 9792K, reserved 1048576K
}
Event: 9395.914 GC heap after
{Heap after GC invocations=3571 (full 8):
 PSYoungGen      total 7168K, used 1600K [0x00000000d5580000, 0x00000000d6300000, 0x0000000100000000)
  eden space 5120K, 0% used [0x00000000d5580000,0x00000000d5580000,0x00000000d5a80000)
  from space 2048K, 78% used [0x00000000d6100000,0x00000000d62902b0,0x00000000d6300000)
  to   space 3584K, 0% used [0x00000000d5c00000,0x00000000d5c00000,0x00000000d5f80000)
 ParOldGen       total 419840K, used 419674K [0x0000000080000000, 0x0000000099a00000, 0x00000000d5580000)
  object space 419840K, 99% used [0x0000000080000000,0x00000000999d69b8,0x0000000099a00000)
 Metaspace       used 91678K, committed 93312K, reserved 1179648K
  class space    used 9074K, committed 9792K, reserved 1048576K
}
Event: 9395.923 GC heap before
{Heap before GC invocations=3572 (full 8):
 PSYoungGen      total 7168K, used 6720K [0x00000000d5580000, 0x00000000d6300000, 0x0000000100000000)
  eden space 5120K, 100% used [0x00000000d5580000,0x00000000d5a80000,0x00000000d5a80000)
  from space 2048K, 78% used [0x00000000d6100000,0x00000000d62902b0,0x00000000d6300000)
  to   space 3584K, 0% used [0x00000000d5c00000,0x00000000d5c00000,0x00000000d5f80000)
 ParOldGen       total 419840K, used 419674K [0x0000000080000000, 0x0000000099a00000, 0x00000000d5580000)
  object space 419840K, 99% used [0x0000000080000000,0x00000000999d69b8,0x0000000099a00000)
 Metaspace       used 91678K, committed 93312K, reserved 1179648K
  class space    used 9074K, committed 9792K, reserved 1048576K
}
Event: 9395.926 GC heap after
{Heap after GC invocations=3572 (full 8):
 PSYoungGen      total 9728K, used 3584K [0x00000000d5580000, 0x00000000d6a80000, 0x0000000100000000)
  eden space 6144K, 0% used [0x00000000d5580000,0x00000000d5580000,0x00000000d5b80000)
  from space 3584K, 100% used [0x00000000d5c00000,0x00000000d5f80000,0x00000000d5f80000)
  to   space 7680K, 0% used [0x00000000d6300000,0x00000000d6300000,0x00000000d6a80000)
 ParOldGen       total 422912K, used 422555K [0x0000000080000000, 0x0000000099d00000, 0x00000000d5580000)
  object space 422912K, 99% used [0x0000000080000000,0x0000000099ca6c88,0x0000000099d00000)
 Metaspace       used 91678K, committed 93312K, reserved 1179648K
  class space    used 9074K, committed 9792K, reserved 1048576K
}
Event: 9395.967 GC heap before
{Heap before GC invocations=3573 (full 8):
 PSYoungGen      total 9728K, used 9728K [0x00000000d5580000, 0x00000000d6a80000, 0x0000000100000000)
  eden space 6144K, 100% used [0x00000000d5580000,0x00000000d5b80000,0x00000000d5b80000)
  from space 3584K, 100% used [0x00000000d5c00000,0x00000000d5f80000,0x00000000d5f80000)
  to   space 7680K, 0% used [0x00000000d6300000,0x00000000d6300000,0x00000000d6a80000)
 ParOldGen       total 454656K, used 453275K [0x0000000080000000, 0x000000009bc00000, 0x00000000d5580000)
  object space 454656K, 99% used [0x0000000080000000,0x000000009baa6cb8,0x000000009bc00000)
 Metaspace       used 91678K, committed 93312K, reserved 1179648K
  class space    used 9074K, committed 9792K, reserved 1048576K
}
Event: 9395.974 GC heap after
{Heap after GC invocations=3573 (full 8):
 PSYoungGen      total 11776K, used 3680K [0x00000000d5580000, 0x00000000d6700000, 0x0000000100000000)
  eden space 7680K, 0% used [0x00000000d5580000,0x00000000d5580000,0x00000000d5d00000)
  from space 4096K, 89% used [0x00000000d6300000,0x00000000d6698000,0x00000000d6700000)
  to   space 5120K, 0% used [0x00000000d5d00000,0x00000000d5d00000,0x00000000d6200000)
 ParOldGen       total 457216K, used 456923K [0x0000000080000000, 0x000000009be80000, 0x00000000d5580000)
  object space 457216K, 99% used [0x0000000080000000,0x000000009be36cb8,0x000000009be80000)
 Metaspace       used 91678K, committed 93312K, reserved 1179648K
  class space    used 9074K, committed 9792K, reserved 1048576K
}
Event: 9396.002 GC heap before
{Heap before GC invocations=3574 (full 8):
 PSYoungGen      total 11776K, used 11360K [0x00000000d5580000, 0x00000000d6700000, 0x0000000100000000)
  eden space 7680K, 100% used [0x00000000d5580000,0x00000000d5d00000,0x00000000d5d00000)
  from space 4096K, 89% used [0x00000000d6300000,0x00000000d6698000,0x00000000d6700000)
  to   space 5120K, 0% used [0x00000000d5d00000,0x00000000d5d00000,0x00000000d6200000)
 ParOldGen       total 457216K, used 456923K [0x0000000080000000, 0x000000009be80000, 0x00000000d5580000)
  object space 457216K, 99% used [0x0000000080000000,0x000000009be36cb8,0x000000009be80000)
 Metaspace       used 91679K, committed 93312K, reserved 1179648K
  class space    used 9074K, committed 9792K, reserved 1048576K
}
Event: 9396.007 GC heap after
{Heap after GC invocations=3574 (full 8):
 PSYoungGen      total 12800K, used 5089K [0x00000000d5580000, 0x00000000d7180000, 0x0000000100000000)
  eden space 7680K, 0% used [0x00000000d5580000,0x00000000d5580000,0x00000000d5d00000)
  from space 5120K, 99% used [0x00000000d5d00000,0x00000000d61f8640,0x00000000d6200000)
  to   space 9728K, 0% used [0x00000000d6800000,0x00000000d6800000,0x00000000d7180000)
 ParOldGen       total 460800K, used 460419K [0x0000000080000000, 0x000000009c200000, 0x00000000d5580000)
  object space 460800K, 99% used [0x0000000080000000,0x000000009c1a0cb8,0x000000009c200000)
 Metaspace       used 91679K, committed 93312K, reserved 1179648K
  class space    used 9074K, committed 9792K, reserved 1048576K
}
Event: 9396.028 GC heap before
{Heap before GC invocations=3575 (full 8):
 PSYoungGen      total 12800K, used 12769K [0x00000000d5580000, 0x00000000d7180000, 0x0000000100000000)
  eden space 7680K, 100% used [0x00000000d5580000,0x00000000d5d00000,0x00000000d5d00000)
  from space 5120K, 99% used [0x00000000d5d00000,0x00000000d61f8640,0x00000000d6200000)
  to   space 9728K, 0% used [0x00000000d6800000,0x00000000d6800000,0x00000000d7180000)
 ParOldGen       total 460800K, used 460419K [0x0000000080000000, 0x000000009c200000, 0x00000000d5580000)
  object space 460800K, 99% used [0x0000000080000000,0x000000009c1a0cb8,0x000000009c200000)
 Metaspace       used 91687K, committed 93312K, reserved 1179648K
  class space    used 9074K, committed 9792K, reserved 1048576K
}
Event: 9396.035 GC heap after
{Heap after GC invocations=3575 (full 8):
 PSYoungGen      total 12800K, used 3367K [0x00000000d5580000, 0x00000000d6b80000, 0x0000000100000000)
  eden space 9216K, 0% used [0x00000000d5580000,0x00000000d5580000,0x00000000d5e80000)
  from space 3584K, 93% used [0x00000000d6800000,0x00000000d6b49c98,0x00000000d6b80000)
  to   space 5632K, 0% used [0x00000000d6080000,0x00000000d6080000,0x00000000d6600000)
 ParOldGen       total 465408K, used 465398K [0x0000000080000000, 0x000000009c680000, 0x00000000d5580000)
  object space 465408K, 99% used [0x0000000080000000,0x000000009c67dbd8,0x000000009c680000)
 Metaspace       used 91687K, committed 93312K, reserved 1179648K
  class space    used 9074K, committed 9792K, reserved 1048576K
}
Event: 9396.486 GC heap before
{Heap before GC invocations=3576 (full 8):
 PSYoungGen      total 12800K, used 12583K [0x00000000d5580000, 0x00000000d6b80000, 0x0000000100000000)
  eden space 9216K, 100% used [0x00000000d5580000,0x00000000d5e80000,0x00000000d5e80000)
  from space 3584K, 93% used [0x00000000d6800000,0x00000000d6b49c98,0x00000000d6b80000)
  to   space 5632K, 0% used [0x00000000d6080000,0x00000000d6080000,0x00000000d6600000)
 ParOldGen       total 465408K, used 465398K [0x0000000080000000, 0x000000009c680000, 0x00000000d5580000)
  object space 465408K, 99% used [0x0000000080000000,0x000000009c67dbd8,0x000000009c680000)
 Metaspace       used 91687K, committed 93312K, reserved 1179648K
  class space    used 9074K, committed 9792K, reserved 1048576K
}
Event: 9396.493 GC heap after
{Heap after GC invocations=3576 (full 8):
 PSYoungGen      total 11264K, used 1918K [0x00000000d5580000, 0x00000000d6880000, 0x0000000100000000)
  eden space 9216K, 0% used [0x00000000d5580000,0x00000000d5580000,0x00000000d5e80000)
  from space 2048K, 93% used [0x00000000d6080000,0x00000000d625fb10,0x00000000d6280000)
  to   space 3072K, 0% used [0x00000000d6580000,0x00000000d6580000,0x00000000d6880000)
 ParOldGen       total 467968K, used 467752K [0x0000000080000000, 0x000000009c900000, 0x00000000d5580000)
  object space 467968K, 99% used [0x0000000080000000,0x000000009c8ca2a0,0x000000009c900000)
 Metaspace       used 91687K, committed 93312K, reserved 1179648K
  class space    used 9074K, committed 9792K, reserved 1048576K
}
Event: 9396.790 GC heap before
{Heap before GC invocations=3577 (full 8):
 PSYoungGen      total 11264K, used 11134K [0x00000000d5580000, 0x00000000d6880000, 0x0000000100000000)
  eden space 9216K, 100% used [0x00000000d5580000,0x00000000d5e80000,0x00000000d5e80000)
  from space 2048K, 93% used [0x00000000d6080000,0x00000000d625fb10,0x00000000d6280000)
  to   space 3072K, 0% used [0x00000000d6580000,0x00000000d6580000,0x00000000d6880000)
 ParOldGen       total 467968K, used 467752K [0x0000000080000000, 0x000000009c900000, 0x00000000d5580000)
  object space 467968K, 99% used [0x0000000080000000,0x000000009c8ca2a0,0x000000009c900000)
 Metaspace       used 91687K, committed 93312K, reserved 1179648K
  class space    used 9074K, committed 9792K, reserved 1048576K
}
Event: 9396.792 GC heap after
{Heap after GC invocations=3577 (full 8):
 PSYoungGen      total 9728K, used 160K [0x00000000d5580000, 0x00000000d6600000, 0x0000000100000000)
  eden space 9216K, 0% used [0x00000000d5580000,0x00000000d5580000,0x00000000d5e80000)
  from space 512K, 31% used [0x00000000d6580000,0x00000000d65a8000,0x00000000d6600000)
  to   space 1024K, 0% used [0x00000000d6400000,0x00000000d6400000,0x00000000d6500000)
 ParOldGen       total 468480K, used 468385K [0x0000000080000000, 0x000000009c980000, 0x00000000d5580000)
  object space 468480K, 99% used [0x0000000080000000,0x000000009c9687e8,0x000000009c980000)
 Metaspace       used 91687K, committed 93312K, reserved 1179648K
  class space    used 9074K, committed 9792K, reserved 1048576K
}
Event: 9397.149 GC heap before
{Heap before GC invocations=3578 (full 8):
 PSYoungGen      total 9728K, used 9376K [0x00000000d5580000, 0x00000000d6600000, 0x0000000100000000)
  eden space 9216K, 100% used [0x00000000d5580000,0x00000000d5e80000,0x00000000d5e80000)
  from space 512K, 31% used [0x00000000d6580000,0x00000000d65a8000,0x00000000d6600000)
  to   space 1024K, 0% used [0x00000000d6400000,0x00000000d6400000,0x00000000d6500000)
 ParOldGen       total 468480K, used 468385K [0x0000000080000000, 0x000000009c980000, 0x00000000d5580000)
  object space 468480K, 99% used [0x0000000080000000,0x000000009c9687e8,0x000000009c980000)
 Metaspace       used 91687K, committed 93312K, reserved 1179648K
  class space    used 9074K, committed 9792K, reserved 1048576K
}
Event: 9397.150 GC heap after
{Heap after GC invocations=3578 (full 8):
 PSYoungGen      total 10240K, used 724K [0x00000000d5580000, 0x00000000d6600000, 0x0000000100000000)
  eden space 9216K, 0% used [0x00000000d5580000,0x00000000d5580000,0x00000000d5e80000)
  from space 1024K, 70% used [0x00000000d6400000,0x00000000d64b5200,0x00000000d6500000)
  to   space 1024K, 0% used [0x00000000d6500000,0x00000000d6500000,0x00000000d6600000)
 ParOldGen       total 468480K, used 468425K [0x0000000080000000, 0x000000009c980000, 0x00000000d5580000)
  object space 468480K, 99% used [0x0000000080000000,0x000000009c9727e8,0x000000009c980000)
 Metaspace       used 91687K, committed 93312K, reserved 1179648K
  class space    used 9074K, committed 9792K, reserved 1048576K
}
Event: 9399.280 GC heap before
{Heap before GC invocations=3579 (full 8):
 PSYoungGen      total 10240K, used 9940K [0x00000000d5580000, 0x00000000d6600000, 0x0000000100000000)
  eden space 9216K, 100% used [0x00000000d5580000,0x00000000d5e80000,0x00000000d5e80000)
  from space 1024K, 70% used [0x00000000d6400000,0x00000000d64b5200,0x00000000d6500000)
  to   space 1024K, 0% used [0x00000000d6500000,0x00000000d6500000,0x00000000d6600000)
 ParOldGen       total 468480K, used 468425K [0x0000000080000000, 0x000000009c980000, 0x00000000d5580000)
  object space 468480K, 99% used [0x0000000080000000,0x000000009c9727e8,0x000000009c980000)
 Metaspace       used 91687K, committed 93312K, reserved 1179648K
  class space    used 9074K, committed 9792K, reserved 1048576K
}
Event: 9399.282 GC heap after
{Heap after GC invocations=3579 (full 8):
 PSYoungGen      total 9728K, used 224K [0x00000000d5580000, 0x00000000d6580000, 0x0000000100000000)
  eden space 9216K, 0% used [0x00000000d5580000,0x00000000d5580000,0x00000000d5e80000)
  from space 512K, 43% used [0x00000000d6500000,0x00000000d6538000,0x00000000d6580000)
  to   space 512K, 0% used [0x00000000d6480000,0x00000000d6480000,0x00000000d6500000)
 ParOldGen       total 468480K, used 468473K [0x0000000080000000, 0x000000009c980000, 0x00000000d5580000)
  object space 468480K, 99% used [0x0000000080000000,0x000000009c97e7e8,0x000000009c980000)
 Metaspace       used 91687K, committed 93312K, reserved 1179648K
  class space    used 9074K, committed 9792K, reserved 1048576K
}
Event: 9432.886 GC heap before
{Heap before GC invocations=3580 (full 8):
 PSYoungGen      total 9728K, used 9440K [0x00000000d5580000, 0x00000000d6580000, 0x0000000100000000)
  eden space 9216K, 100% used [0x00000000d5580000,0x00000000d5e80000,0x00000000d5e80000)
  from space 512K, 43% used [0x00000000d6500000,0x00000000d6538000,0x00000000d6580000)
  to   space 512K, 0% used [0x00000000d6480000,0x00000000d6480000,0x00000000d6500000)
 ParOldGen       total 468480K, used 468473K [0x0000000080000000, 0x000000009c980000, 0x00000000d5580000)
  object space 468480K, 99% used [0x0000000080000000,0x000000009c97e7e8,0x000000009c980000)
 Metaspace       used 91717K, committed 93312K, reserved 1179648K
  class space    used 9074K, committed 9792K, reserved 1048576K
}
Event: 9432.887 GC heap after
{Heap after GC invocations=3580 (full 8):
 PSYoungGen      total 9728K, used 320K [0x00000000d5580000, 0x00000000d6580000, 0x0000000100000000)
  eden space 9216K, 0% used [0x00000000d5580000,0x00000000d5580000,0x00000000d5e80000)
  from space 512K, 62% used [0x00000000d6480000,0x00000000d64d0000,0x00000000d6500000)
  to   space 512K, 0% used [0x00000000d6500000,0x00000000d6500000,0x00000000d6580000)
 ParOldGen       total 468992K, used 468529K [0x0000000080000000, 0x000000009ca00000, 0x00000000d5580000)
  object space 468992K, 99% used [0x0000000080000000,0x000000009c98c7e8,0x000000009ca00000)
 Metaspace       used 91717K, committed 93312K, reserved 1179648K
  class space    used 9074K, committed 9792K, reserved 1048576K
}

Dll operation events (11 events):
Event: 0.450 Loaded shared library c:\Users\Olga\.vscode\extensions\redhat.java-1.47.0-win32-x64\jre\21.0.8-win32-x86_64\bin\java.dll
Event: 0.962 Loaded shared library c:\Users\Olga\.vscode\extensions\redhat.java-1.47.0-win32-x64\jre\21.0.8-win32-x86_64\bin\zip.dll
Event: 1.101 Loaded shared library C:\Users\Olga\.vscode\extensions\redhat.java-1.47.0-win32-x64\jre\21.0.8-win32-x86_64\bin\instrument.dll
Event: 1.137 Loaded shared library C:\Users\Olga\.vscode\extensions\redhat.java-1.47.0-win32-x64\jre\21.0.8-win32-x86_64\bin\net.dll
Event: 1.160 Loaded shared library C:\Users\Olga\.vscode\extensions\redhat.java-1.47.0-win32-x64\jre\21.0.8-win32-x86_64\bin\nio.dll
Event: 1.188 Loaded shared library C:\Users\Olga\.vscode\extensions\redhat.java-1.47.0-win32-x64\jre\21.0.8-win32-x86_64\bin\zip.dll
Event: 1.370 Loaded shared library C:\Users\Olga\.vscode\extensions\redhat.java-1.47.0-win32-x64\jre\21.0.8-win32-x86_64\bin\jimage.dll
Event: 1.721 Loaded shared library c:\Users\Olga\.vscode\extensions\redhat.java-1.47.0-win32-x64\jre\21.0.8-win32-x86_64\bin\verify.dll
Event: 23.255 Loaded shared library C:\Users\Olga\AppData\Roaming\Code\User\globalStorage\redhat.java\1.47.0\config_win\org.eclipse.equinox.launcher\org.eclipse.equinox.launcher.win32.win32.x86_64_1.2.1400.v20250801-0854\eclipse_11916.dll
Event: 57.932 Loaded shared library C:\Users\Olga\AppData\Local\Temp\jna-2460567\jna17048140238449706860.dll
Event: 2967.920 Loaded shared library C:\Users\Olga\.vscode\extensions\redhat.java-1.47.0-win32-x64\jre\21.0.8-win32-x86_64\bin\extnet.dll

Deoptimization events (20 events):
Event: 9393.319 Thread 0x00000296c2539f90 DEOPT PACKING pc=0x00000296ec7e8b04 sp=0x000000c74adfdb20
Event: 9393.319 Thread 0x00000296c2539f90 DEOPT UNPACKING pc=0x00000296eb643aa2 sp=0x000000c74adfda48 mode 2
Event: 9393.714 Thread 0x00000296fef26720 DEOPT PACKING pc=0x00000296e4ee5893 sp=0x000000c74abfe130
Event: 9393.714 Thread 0x00000296fef26720 DEOPT UNPACKING pc=0x00000296eb644242 sp=0x000000c74abfd638 mode 0
Event: 9397.941 Thread 0x00000296fef23fc0 Uncommon trap: trap_request=0xffffffbe fr.pc=0x00000296ecacbe98 relative=0x0000000000000658
Event: 9397.941 Thread 0x00000296fef23fc0 Uncommon trap: reason=profile_predicate action=maybe_recompile pc=0x00000296ecacbe98 method=org.eclipse.jdt.internal.compiler.lookup.SourceTypeBinding.methods()[Lorg/eclipse/jdt/internal/compiler/lookup/MethodBinding; @ 815 c2
Event: 9397.941 Thread 0x00000296fef23fc0 DEOPT PACKING pc=0x00000296ecacbe98 sp=0x000000c748bfe3c0
Event: 9397.941 Thread 0x00000296fef23fc0 DEOPT UNPACKING pc=0x00000296eb643aa2 sp=0x000000c748bfe2f0 mode 2
Event: 9432.879 Thread 0x00000296c2539f90 Uncommon trap: trap_request=0xffffffbe fr.pc=0x00000296ecacbe98 relative=0x0000000000000658
Event: 9432.879 Thread 0x00000296c2539f90 Uncommon trap: reason=profile_predicate action=maybe_recompile pc=0x00000296ecacbe98 method=org.eclipse.jdt.internal.compiler.lookup.SourceTypeBinding.methods()[Lorg/eclipse/jdt/internal/compiler/lookup/MethodBinding; @ 815 c2
Event: 9432.879 Thread 0x00000296c2539f90 DEOPT PACKING pc=0x00000296ecacbe98 sp=0x000000c74adfe020
Event: 9432.879 Thread 0x00000296c2539f90 DEOPT UNPACKING pc=0x00000296eb643aa2 sp=0x000000c74adfdf50 mode 2
Event: 9432.880 Thread 0x00000296c2539f90 Uncommon trap: trap_request=0xffffffd6 fr.pc=0x00000296ebf8b280 relative=0x0000000000000ea0
Event: 9432.880 Thread 0x00000296c2539f90 Uncommon trap: reason=array_check action=maybe_recompile pc=0x00000296ebf8b280 method=java.util.TimSort.mergeLo(IIII)V @ 81 c2
Event: 9432.880 Thread 0x00000296c2539f90 DEOPT PACKING pc=0x00000296ebf8b280 sp=0x000000c74adfd5b0
Event: 9432.880 Thread 0x00000296c2539f90 DEOPT UNPACKING pc=0x00000296eb643aa2 sp=0x000000c74adfd550 mode 2
Event: 9432.880 Thread 0x00000296c2539f90 Uncommon trap: trap_request=0xffffffd6 fr.pc=0x00000296ebf8b280 relative=0x0000000000000ea0
Event: 9432.880 Thread 0x00000296c2539f90 Uncommon trap: reason=array_check action=maybe_recompile pc=0x00000296ebf8b280 method=java.util.TimSort.mergeLo(IIII)V @ 81 c2
Event: 9432.880 Thread 0x00000296c2539f90 DEOPT PACKING pc=0x00000296ebf8b280 sp=0x000000c74adfd420
Event: 9432.880 Thread 0x00000296c2539f90 DEOPT UNPACKING pc=0x00000296eb643aa2 sp=0x000000c74adfd3c0 mode 2

Classes loaded (20 events):
Event: 8853.648 Loading class jdk/internal/module/IllegalAccessLogger
Event: 8853.648 Loading class jdk/internal/module/IllegalAccessLogger done
Event: 8853.772 Loading class jdk/internal/module/IllegalAccessLogger
Event: 8853.772 Loading class jdk/internal/module/IllegalAccessLogger done
Event: 8860.401 Loading class jdk/internal/module/IllegalAccessLogger
Event: 8860.401 Loading class jdk/internal/module/IllegalAccessLogger done
Event: 8986.737 Loading class jdk/internal/module/IllegalAccessLogger
Event: 8986.737 Loading class jdk/internal/module/IllegalAccessLogger done
Event: 8988.922 Loading class jdk/internal/module/IllegalAccessLogger
Event: 8988.922 Loading class jdk/internal/module/IllegalAccessLogger done
Event: 9286.068 Loading class jdk/internal/module/IllegalAccessLogger
Event: 9286.068 Loading class jdk/internal/module/IllegalAccessLogger done
Event: 9358.034 Loading class jdk/internal/module/IllegalAccessLogger
Event: 9358.034 Loading class jdk/internal/module/IllegalAccessLogger done
Event: 9361.371 Loading class jdk/internal/module/IllegalAccessLogger
Event: 9361.371 Loading class jdk/internal/module/IllegalAccessLogger done
Event: 9390.842 Loading class jdk/internal/module/IllegalAccessLogger
Event: 9390.842 Loading class jdk/internal/module/IllegalAccessLogger done
Event: 9395.893 Loading class jdk/internal/module/IllegalAccessLogger
Event: 9395.893 Loading class jdk/internal/module/IllegalAccessLogger done

Classes unloaded (20 events):
Event: 8492.875 Thread 0x00000296e0e64530 Unloading class 0x0000029681975400 'java/lang/invoke/LambdaForm$MH+0x0000029681975400'
Event: 8492.875 Thread 0x00000296e0e64530 Unloading class 0x0000029681975000 'java/lang/invoke/LambdaForm$MH+0x0000029681975000'
Event: 8492.875 Thread 0x00000296e0e64530 Unloading class 0x0000029681974c00 'java/lang/invoke/LambdaForm$MH+0x0000029681974c00'
Event: 8492.875 Thread 0x00000296e0e64530 Unloading class 0x0000029681974800 'java/lang/invoke/LambdaForm$MH+0x0000029681974800'
Event: 8492.875 Thread 0x00000296e0e64530 Unloading class 0x0000029681974000 'java/lang/invoke/LambdaForm$DMH+0x0000029681974000'
Event: 8492.875 Thread 0x00000296e0e64530 Unloading class 0x0000029681952000 'java/lang/invoke/LambdaForm$MH+0x0000029681952000'
Event: 8492.875 Thread 0x00000296e0e64530 Unloading class 0x00000296817bbc00 'java/lang/invoke/LambdaForm$MH+0x00000296817bbc00'
Event: 8492.875 Thread 0x00000296e0e64530 Unloading class 0x0000029681018800 'java/lang/invoke/LambdaForm$MH+0x0000029681018800'
Event: 8492.875 Thread 0x00000296e0e64530 Unloading class 0x0000029681230400 'java/lang/invoke/LambdaForm$MH+0x0000029681230400'
Event: 8492.875 Thread 0x00000296e0e64530 Unloading class 0x00000296817ba000 'java/lang/invoke/LambdaForm$MH+0x00000296817ba000'
Event: 8492.876 Thread 0x00000296e0e64530 Unloading class 0x0000029681624400 'java/lang/invoke/LambdaForm$MH+0x0000029681624400'
Event: 8492.876 Thread 0x00000296e0e64530 Unloading class 0x0000029681218400 'java/lang/invoke/LambdaForm$BMH+0x0000029681218400'
Event: 8492.876 Thread 0x00000296e0e64530 Unloading class 0x000002968117c800 'java/lang/invoke/LambdaForm$MH+0x000002968117c800'
Event: 8492.877 Thread 0x00000296e0e64530 Unloading class 0x0000029681175800 'java/lang/invoke/LambdaForm$MH+0x0000029681175800'
Event: 8492.877 Thread 0x00000296e0e64530 Unloading class 0x000002968101f800 'java/lang/invoke/LambdaForm$MH+0x000002968101f800'
Event: 8492.877 Thread 0x00000296e0e64530 Unloading class 0x000002968101e800 'java/lang/invoke/LambdaForm$MH+0x000002968101e800'
Event: 8492.877 Thread 0x00000296e0e64530 Unloading class 0x000002968101e400 'java/lang/invoke/LambdaForm$MH+0x000002968101e400'
Event: 8492.877 Thread 0x00000296e0e64530 Unloading class 0x000002968101dc00 'java/lang/invoke/LambdaForm$MH+0x000002968101dc00'
Event: 8492.877 Thread 0x00000296e0e64530 Unloading class 0x000002968101d400 'java/lang/invoke/LambdaForm$MH+0x000002968101d400'
Event: 8492.877 Thread 0x00000296e0e64530 Unloading class 0x0000029681000400 'java/lang/invoke/LambdaForm$MH+0x0000029681000400'

Classes redefined (0 events):
No events

Internal exceptions (20 events):
Event: 8860.236 Thread 0x00000296fef15f30 Exception <a 'sun/nio/fs/WindowsException'{0x00000000d56c1658}> (0x00000000d56c1658) 
thrown [s\src\hotspot\share\prims\jni.cpp, line 520]
Event: 8860.681 Thread 0x00000296fef15f30 Exception <a 'sun/nio/fs/WindowsException'{0x00000000d576b870}> (0x00000000d576b870) 
thrown [s\src\hotspot\share\prims\jni.cpp, line 520]
Event: 8986.526 Thread 0x00000296fef15f30 Exception <a 'sun/nio/fs/WindowsException'{0x00000000d58b63a8}> (0x00000000d58b63a8) 
thrown [s\src\hotspot\share\prims\jni.cpp, line 520]
Event: 8986.978 Thread 0x00000296fef15f30 Exception <a 'sun/nio/fs/WindowsException'{0x00000000d5626d50}> (0x00000000d5626d50) 
thrown [s\src\hotspot\share\prims\jni.cpp, line 520]
Event: 8988.785 Thread 0x00000296fef15f30 Exception <a 'sun/nio/fs/WindowsException'{0x00000000d5633108}> (0x00000000d5633108) 
thrown [s\src\hotspot\share\prims\jni.cpp, line 520]
Event: 8989.305 Thread 0x00000296fef15f30 Exception <a 'sun/nio/fs/WindowsException'{0x00000000d565aa60}> (0x00000000d565aa60) 
thrown [s\src\hotspot\share\prims\jni.cpp, line 520]
Event: 9110.193 Thread 0x00000296fef26720 Exception <a 'sun/nio/fs/WindowsException'{0x00000000d56a9f38}> (0x00000000d56a9f38) 
thrown [s\src\hotspot\share\prims\jni.cpp, line 520]
Event: 9110.194 Thread 0x00000296fef26720 Exception <a 'sun/nio/fs/WindowsException'{0x00000000d56aa900}> (0x00000000d56aa900) 
thrown [s\src\hotspot\share\prims\jni.cpp, line 520]
Event: 9285.929 Thread 0x00000296fef15f30 Exception <a 'sun/nio/fs/WindowsException'{0x00000000d57f0008}> (0x00000000d57f0008) 
thrown [s\src\hotspot\share\prims\jni.cpp, line 520]
Event: 9286.169 Thread 0x00000296fef15f30 Exception <a 'sun/nio/fs/WindowsException'{0x00000000d5756428}> (0x00000000d5756428) 
thrown [s\src\hotspot\share\prims\jni.cpp, line 520]
Event: 9357.929 Thread 0x00000296fef15f30 Exception <a 'sun/nio/fs/WindowsException'{0x00000000d58169c0}> (0x00000000d58169c0) 
thrown [s\src\hotspot\share\prims\jni.cpp, line 520]
Event: 9358.185 Thread 0x00000296fef15f30 Exception <a 'sun/nio/fs/WindowsException'{0x00000000d56489e0}> (0x00000000d56489e0) 
thrown [s\src\hotspot\share\prims\jni.cpp, line 520]
Event: 9361.245 Thread 0x00000296fef15f30 Exception <a 'sun/nio/fs/WindowsException'{0x00000000d56777c0}> (0x00000000d56777c0) 
thrown [s\src\hotspot\share\prims\jni.cpp, line 520]
Event: 9361.582 Thread 0x00000296fef15f30 Exception <a 'sun/nio/fs/WindowsException'{0x00000000d567cf68}> (0x00000000d567cf68) 
thrown [s\src\hotspot\share\prims\jni.cpp, line 520]
Event: 9390.758 Thread 0x00000296fef15f30 Exception <a 'sun/nio/fs/WindowsException'{0x00000000d57c55d0}> (0x00000000d57c55d0) 
thrown [s\src\hotspot\share\prims\jni.cpp, line 520]
Event: 9391.036 Thread 0x00000296fef15f30 Exception <a 'sun/nio/fs/WindowsException'{0x00000000d559f168}> (0x00000000d559f168) 
thrown [s\src\hotspot\share\prims\jni.cpp, line 520]
Event: 9395.782 Thread 0x00000296fef15f30 Exception <a 'sun/nio/fs/WindowsException'{0x00000000d562ac40}> (0x00000000d562ac40) 
thrown [s\src\hotspot\share\prims\jni.cpp, line 520]
Event: 9395.986 Thread 0x00000296fef15f30 Exception <a 'sun/nio/fs/WindowsException'{0x00000000d562f0d0}> (0x00000000d562f0d0) 
thrown [s\src\hotspot\share\prims\jni.cpp, line 520]
Event: 9585.877 Thread 0x00000296c253cd80 Exception <a 'sun/nio/fs/WindowsException'{0x00000000d56efc38}> (0x00000000d56efc38) 
thrown [s\src\hotspot\share\prims\jni.cpp, line 520]
Event: 9585.878 Thread 0x00000296c253cd80 Exception <a 'sun/nio/fs/WindowsException'{0x00000000d56f0600}> (0x00000000d56f0600) 
thrown [s\src\hotspot\share\prims\jni.cpp, line 520]

ZGC Phase Switch (0 events):
No events

VM Operations (20 events):
Event: 9432.885 Executing VM operation: ParallelGCFailedAllocation (Allocation Failure)
Event: 9432.887 Executing VM operation: ParallelGCFailedAllocation (Allocation Failure) done
Event: 9440.507 Executing VM operation: HandshakeAllThreads (HandshakeForDeflation)
Event: 9440.507 Executing VM operation: HandshakeAllThreads (HandshakeForDeflation) done
Event: 9440.507 Executing VM operation: RendezvousGCThreads
Event: 9440.507 Executing VM operation: RendezvousGCThreads done
Event: 9586.592 Executing VM operation: Cleanup
Event: 9586.592 Executing VM operation: Cleanup done
Event: 9620.839 Executing VM operation: HandshakeAllThreads (HandshakeForDeflation)
Event: 9620.840 Executing VM operation: HandshakeAllThreads (HandshakeForDeflation) done
Event: 9620.840 Executing VM operation: RendezvousGCThreads
Event: 9620.840 Executing VM operation: RendezvousGCThreads done
Event: 10281.995 Executing VM operation: HandshakeAllThreads (HandshakeForDeflation)
Event: 10282.001 Executing VM operation: HandshakeAllThreads (HandshakeForDeflation) done
Event: 10282.002 Executing VM operation: RendezvousGCThreads
Event: 10282.002 Executing VM operation: RendezvousGCThreads done
Event: 11184.870 Executing VM operation: HandshakeAllThreads (HandshakeForDeflation)
Event: 11184.893 Executing VM operation: HandshakeAllThreads (HandshakeForDeflation) done
Event: 11184.894 Executing VM operation: RendezvousGCThreads
Event: 11184.894 Executing VM operation: RendezvousGCThreads done

Memory protections (0 events):
No events

Nmethod flushes (20 events):
Event: 9286.640 Thread 0x00000296e0e64530 flushing  nmethod 0x00000296e6d51110
Event: 9286.640 Thread 0x00000296e0e64530 flushing  nmethod 0x00000296e6d54290
Event: 9286.640 Thread 0x00000296e0e64530 flushing  nmethod 0x00000296e6d78e10
Event: 9286.640 Thread 0x00000296e0e64530 flushing  nmethod 0x00000296e6d7c890
Event: 9286.640 Thread 0x00000296e0e64530 flushing  nmethod 0x00000296e6d85910
Event: 9286.640 Thread 0x00000296e0e64530 flushing  nmethod 0x00000296e6d91890
Event: 9286.640 Thread 0x00000296e0e64530 flushing  nmethod 0x00000296e6d92490
Event: 9286.640 Thread 0x00000296e0e64530 flushing  nmethod 0x00000296e6db2490
Event: 9286.640 Thread 0x00000296e0e64530 flushing  nmethod 0x00000296e6dc2f90
Event: 9286.640 Thread 0x00000296e0e64530 flushing  nmethod 0x00000296e6dc5310
Event: 9286.640 Thread 0x00000296e0e64530 flushing  nmethod 0x00000296e6ddae10
Event: 9286.640 Thread 0x00000296e0e64530 flushing  nmethod 0x00000296e6dfb010
Event: 9286.640 Thread 0x00000296e0e64530 flushing  nmethod 0x00000296e6e9fc90
Event: 9286.640 Thread 0x00000296e0e64530 flushing  nmethod 0x00000296e6eb3590
Event: 9286.641 Thread 0x00000296e0e64530 flushing  nmethod 0x00000296e6eb4b10
Event: 9286.641 Thread 0x00000296e0e64530 flushing  nmethod 0x00000296e6eec910
Event: 9286.641 Thread 0x00000296e0e64530 flushing  nmethod 0x00000296e6ef9010
Event: 9286.641 Thread 0x00000296e0e64530 flushing  nmethod 0x00000296e6efca90
Event: 9286.641 Thread 0x00000296e0e64530 flushing  nmethod 0x00000296e6f07910
Event: 9286.641 Thread 0x00000296e0e64530 flushing  nmethod 0x00000296e7070f90

Events (20 events):
Event: 9456.513 Thread 0x00000296c2539900 Thread exited: 0x00000296c2539900
Event: 9493.958 Thread 0x00000296fef23fc0 Thread exited: 0x00000296fef23fc0
Event: 9513.849 Thread 0x00000296fef24ce0 Thread exited: 0x00000296fef24ce0
Event: 9553.963 Thread 0x00000296c3bcf030 Thread exited: 0x00000296c3bcf030
Event: 9573.847 Thread 0x00000296c3bcbbb0 Thread exited: 0x00000296c3bcbbb0
Event: 9585.879 Thread 0x00000296c253cd80 Thread added: 0x00000296c2538be0
Event: 9585.881 Thread 0x00000296c2538be0 Thread exited: 0x00000296c2538be0
Event: 9586.040 Thread 0x00000296c3bd1790 Thread exited: 0x00000296c3bd1790
Event: 9613.964 Thread 0x00000296c2539f90 Thread exited: 0x00000296c2539f90
Event: 9658.024 Thread 0x00000296c253a620 Thread exited: 0x00000296c253a620
Event: 9661.349 Thread 0x00000296c253acb0 Thread exited: 0x00000296c253acb0
Event: 9673.975 Thread 0x00000296c3bccf60 Thread exited: 0x00000296c3bccf60
Event: 9690.822 Thread 0x00000296c253e7c0 Thread exited: 0x00000296c253e7c0
Event: 9695.881 Thread 0x00000296c253e130 Thread exited: 0x00000296c253e130
Event: 9733.992 Thread 0x00000296c2537830 Thread exited: 0x00000296c2537830
Event: 9793.999 Thread 0x00000296fef28e80 Thread exited: 0x00000296fef28e80
Event: 9854.020 Thread 0x00000296fece3500 Thread exited: 0x00000296fece3500
Event: 9914.038 Thread 0x00000296c2537ec0 Thread exited: 0x00000296c2537ec0
Event: 9974.053 Thread 0x00000296fece2150 Thread exited: 0x00000296fece2150
Event: 10034.072 Thread 0x00000296c253b340 Thread exited: 0x00000296c253b340


Dynamic libraries:
0x00007ff77f2e0000 - 0x00007ff77f2ee000 	c:\Users\Olga\.vscode\extensions\redhat.java-1.47.0-win32-x64\jre\21.0.8-win32-x86_64\bin\java.exe
0x00007ffda36a0000 - 0x00007ffda3908000 	C:\WINDOWS\SYSTEM32\ntdll.dll
0x00007ffda2230000 - 0x00007ffda22f9000 	C:\WINDOWS\System32\KERNEL32.DLL
0x00007ffda0e60000 - 0x00007ffda1258000 	C:\WINDOWS\System32\KERNELBASE.dll
0x00007ffda0ba0000 - 0x00007ffda0ceb000 	C:\WINDOWS\System32\ucrtbase.dll
0x00007ffd59f90000 - 0x00007ffd59fa8000 	c:\Users\Olga\.vscode\extensions\redhat.java-1.47.0-win32-x64\jre\21.0.8-win32-x86_64\bin\jli.dll
0x00007ffda2310000 - 0x00007ffda24d7000 	C:\WINDOWS\System32\USER32.dll
0x00007ffd5aa00000 - 0x00007ffd5aa1e000 	c:\Users\Olga\.vscode\extensions\redhat.java-1.47.0-win32-x64\jre\21.0.8-win32-x86_64\bin\VCRUNTIME140.dll
0x00007ffda07f0000 - 0x00007ffda0817000 	C:\WINDOWS\System32\win32u.dll
0x00007ffd79180000 - 0x00007ffd79414000 	C:\WINDOWS\WinSxS\amd64_microsoft.windows.common-controls_6595b64144ccf1df_6.0.26100.7019_none_3e06ffa0e335b8a8\COMCTL32.dll
0x00007ffda2a60000 - 0x00007ffda2a8b000 	C:\WINDOWS\System32\GDI32.dll
0x00007ffda1260000 - 0x00007ffda138c000 	C:\WINDOWS\System32\gdi32full.dll
0x00007ffda0cf0000 - 0x00007ffda0d93000 	C:\WINDOWS\System32\msvcp_win.dll
0x00007ffda29b0000 - 0x00007ffda2a59000 	C:\WINDOWS\System32\msvcrt.dll
0x00007ffda1550000 - 0x00007ffda1581000 	C:\WINDOWS\System32\IMM32.DLL
0x00007ffd5cfe0000 - 0x00007ffd5cfec000 	c:\Users\Olga\.vscode\extensions\redhat.java-1.47.0-win32-x64\jre\21.0.8-win32-x86_64\bin\vcruntime140_1.dll
0x00007ffd232c0000 - 0x00007ffd2334d000 	c:\Users\Olga\.vscode\extensions\redhat.java-1.47.0-win32-x64\jre\21.0.8-win32-x86_64\bin\msvcp140.dll
0x00007ffd19fc0000 - 0x00007ffd1ad57000 	c:\Users\Olga\.vscode\extensions\redhat.java-1.47.0-win32-x64\jre\21.0.8-win32-x86_64\bin\server\jvm.dll
0x00007ffda28f0000 - 0x00007ffda29a4000 	C:\WINDOWS\System32\ADVAPI32.dll
0x00007ffda1e90000 - 0x00007ffda1f36000 	C:\WINDOWS\System32\sechost.dll
0x00007ffda27d0000 - 0x00007ffda28e8000 	C:\WINDOWS\System32\RPCRT4.dll
0x00007ffda21b0000 - 0x00007ffda2224000 	C:\WINDOWS\System32\WS2_32.dll
0x00007ffda0650000 - 0x00007ffda06ae000 	C:\WINDOWS\SYSTEM32\POWRPROF.dll
0x00007ffd95860000 - 0x00007ffd95895000 	C:\WINDOWS\SYSTEM32\WINMM.dll
0x00007ffd79490000 - 0x00007ffd7949b000 	C:\WINDOWS\SYSTEM32\VERSION.dll
0x00007ffda0630000 - 0x00007ffda0644000 	C:\WINDOWS\SYSTEM32\UMPDC.dll
0x00007ffd9f5b0000 - 0x00007ffd9f5cb000 	C:\WINDOWS\SYSTEM32\kernel.appcore.dll
0x00007ffd5cc50000 - 0x00007ffd5cc5a000 	c:\Users\Olga\.vscode\extensions\redhat.java-1.47.0-win32-x64\jre\21.0.8-win32-x86_64\bin\jimage.dll
0x00007ffd9dd40000 - 0x00007ffd9df82000 	C:\WINDOWS\SYSTEM32\DBGHELP.DLL
0x00007ffda30c0000 - 0x00007ffda344b000 	C:\WINDOWS\System32\combase.dll
0x00007ffda2f20000 - 0x00007ffda2ff7000 	C:\WINDOWS\System32\OLEAUT32.dll
0x00007ffd6edc0000 - 0x00007ffd6edfc000 	C:\WINDOWS\SYSTEM32\dbgcore.DLL
0x00007ffda1390000 - 0x00007ffda1435000 	C:\WINDOWS\System32\bcryptPrimitives.dll
0x00007ffd5c9f0000 - 0x00007ffd5c9ff000 	c:\Users\Olga\.vscode\extensions\redhat.java-1.47.0-win32-x64\jre\21.0.8-win32-x86_64\bin\instrument.dll
0x00007ffd594f0000 - 0x00007ffd5950f000 	c:\Users\Olga\.vscode\extensions\redhat.java-1.47.0-win32-x64\jre\21.0.8-win32-x86_64\bin\java.dll
0x00007ffda1730000 - 0x00007ffda1e7f000 	C:\WINDOWS\System32\SHELL32.dll
0x00007ffda08b0000 - 0x00007ffda0a1b000 	C:\WINDOWS\System32\wintypes.dll
0x00007ffd9e410000 - 0x00007ffd9ec6d000 	C:\WINDOWS\SYSTEM32\windows.storage.dll
0x00007ffda24f0000 - 0x00007ffda25e2000 	C:\WINDOWS\System32\SHCORE.dll
0x00007ffda1f40000 - 0x00007ffda1fa7000 	C:\WINDOWS\System32\shlwapi.dll
0x00007ffda0710000 - 0x00007ffda0739000 	C:\WINDOWS\SYSTEM32\profapi.dll
0x00007ffd58a30000 - 0x00007ffd58a48000 	c:\Users\Olga\.vscode\extensions\redhat.java-1.47.0-win32-x64\jre\21.0.8-win32-x86_64\bin\zip.dll
0x00007ffd5c0c0000 - 0x00007ffd5c0d0000 	C:\Users\Olga\.vscode\extensions\redhat.java-1.47.0-win32-x64\jre\21.0.8-win32-x86_64\bin\net.dll
0x00007ffd96ae0000 - 0x00007ffd96c08000 	C:\WINDOWS\SYSTEM32\WINHTTP.dll
0x00007ffd9fb20000 - 0x00007ffd9fb8b000 	C:\WINDOWS\system32\mswsock.dll
0x00007ffd59430000 - 0x00007ffd59446000 	C:\Users\Olga\.vscode\extensions\redhat.java-1.47.0-win32-x64\jre\21.0.8-win32-x86_64\bin\nio.dll
0x00007ffd5be40000 - 0x00007ffd5be50000 	c:\Users\Olga\.vscode\extensions\redhat.java-1.47.0-win32-x64\jre\21.0.8-win32-x86_64\bin\verify.dll
0x00007ffd840b0000 - 0x00007ffd840f4000 	C:\Users\Olga\AppData\Roaming\Code\User\globalStorage\redhat.java\1.47.0\config_win\org.eclipse.equinox.launcher\org.eclipse.equinox.launcher.win32.win32.x86_64_1.2.1400.v20250801-0854\eclipse_11916.dll
0x00007ffda1590000 - 0x00007ffda1727000 	C:\WINDOWS\System32\ole32.dll
0x00007ffd9fde0000 - 0x00007ffd9fdfb000 	C:\WINDOWS\SYSTEM32\CRYPTSP.dll
0x00007ffd9f510000 - 0x00007ffd9f54a000 	C:\WINDOWS\system32\rsaenh.dll
0x00007ffd9fbd0000 - 0x00007ffd9fbfb000 	C:\WINDOWS\SYSTEM32\USERENV.dll
0x00007ffda06e0000 - 0x00007ffda070a000 	C:\WINDOWS\SYSTEM32\bcrypt.dll
0x00007ffd9fe00000 - 0x00007ffd9fe0c000 	C:\WINDOWS\SYSTEM32\CRYPTBASE.dll
0x00007ffd9f0f0000 - 0x00007ffd9f124000 	C:\WINDOWS\SYSTEM32\IPHLPAPI.DLL
0x00007ffda2300000 - 0x00007ffda230a000 	C:\WINDOWS\System32\NSI.dll
0x00007ffd3bc70000 - 0x00007ffd3bcb9000 	C:\Users\Olga\AppData\Local\Temp\jna-2460567\jna17048140238449706860.dll
0x00007ffda24e0000 - 0x00007ffda24e8000 	C:\WINDOWS\System32\PSAPI.DLL
0x00007ffd97060000 - 0x00007ffd9707e000 	C:\WINDOWS\SYSTEM32\dhcpcsvc6.DLL
0x00007ffd97030000 - 0x00007ffd97053000 	C:\WINDOWS\SYSTEM32\dhcpcsvc.DLL
0x00007ffd9f6d0000 - 0x00007ffd9f706000 	C:\WINDOWS\SYSTEM32\ntmarta.dll
0x00007ffd69d80000 - 0x00007ffd69d89000 	C:\Users\Olga\.vscode\extensions\redhat.java-1.47.0-win32-x64\jre\21.0.8-win32-x86_64\bin\extnet.dll

JVMTI agents:
c:\Users\Olga\.vscode\extensions\redhat.java-1.47.0-win32-x64\lombok\lombok-1.18.39-4050.jar path:c:\Users\Olga\.vscode\extensions\redhat.java-1.47.0-win32-x64\jre\21.0.8-win32-x86_64\bin\instrument.dll, loaded, initialized, instrumentlib options:none

dbghelp: loaded successfully - version: 4.0.5 - missing functions: none
symbol engine: initialized successfully - sym options: 0x614 - pdb path: .;c:\Users\Olga\.vscode\extensions\redhat.java-1.47.0-win32-x64\jre\21.0.8-win32-x86_64\bin;C:\WINDOWS\SYSTEM32;C:\WINDOWS\WinSxS\amd64_microsoft.windows.common-controls_6595b64144ccf1df_6.0.26100.7019_none_3e06ffa0e335b8a8;c:\Users\Olga\.vscode\extensions\redhat.java-1.47.0-win32-x64\jre\21.0.8-win32-x86_64\bin\server;C:\Users\Olga\AppData\Roaming\Code\User\globalStorage\redhat.java\1.47.0\config_win\org.eclipse.equinox.launcher\org.eclipse.equinox.launcher.win32.win32.x86_64_1.2.1400.v20250801-0854;C:\Users\Olga\AppData\Local\Temp\jna-2460567

VM Arguments:
jvm_args: --add-modules=ALL-SYSTEM --add-opens=java.base/java.util=ALL-UNNAMED --add-opens=java.base/java.lang=ALL-UNNAMED --add-opens=java.base/sun.nio.fs=ALL-UNNAMED -Declipse.application=org.eclipse.jdt.ls.core.id1 -Dosgi.bundles.defaultStartLevel=4 -Declipse.product=org.eclipse.jdt.ls.core.product -Djava.import.generatesMetadataFilesAtProjectRoot=false -DDetectVMInstallationsJob.disabled=true -Dfile.encoding=utf8 -XX:+UseParallelGC -XX:GCTimeRatio=4 -XX:AdaptiveSizePolicyWeight=90 -Dsun.zip.disableMemoryMapping=true -Xmx2G -Xms100m -Xlog:disable -javaagent:c:\Users\Olga\.vscode\extensions\redhat.java-1.47.0-win32-x64\lombok\lombok-1.18.39-4050.jar -XX:+HeapDumpOnOutOfMemoryError -XX:HeapDumpPath=c:\Users\Olga\AppData\Roaming\Code\User\workspaceStorage\759ceda8d500d5442b97ddd038e91e8d\redhat.java -Daether.dependencyCollector.impl=bf 
java_command: c:\Users\Olga\.vscode\extensions\redhat.java-1.47.0-win32-x64\server\plugins\org.eclipse.equinox.launcher_1.7.100.v20251014-1222.jar -configuration c:\Users\Olga\AppData\Roaming\Code\User\globalStorage\redhat.java\1.47.0\config_win -data c:\Users\Olga\AppData\Roaming\Code\User\workspaceStorage\759ceda8d500d5442b97ddd038e91e8d\redhat.java\jdt_ws --pipe=\\.\pipe\lsp-353f05046d0c8c46c6efc8cce4f98089-sock
java_class_path (initial): c:\Users\Olga\.vscode\extensions\redhat.java-1.47.0-win32-x64\server\plugins\org.eclipse.equinox.launcher_1.7.100.v20251014-1222.jar
Launcher Type: SUN_STANDARD

[Global flags]
    uintx AdaptiveSizePolicyWeight                 = 90                                        {product} {command line}
     intx CICompilerCount                          = 4                                         {product} {ergonomic}
    uintx GCTimeRatio                              = 4                                         {product} {command line}
     bool HeapDumpOnOutOfMemoryError               = true                                   {manageable} {command line}
    ccstr HeapDumpPath                             = c:\Users\Olga\AppData\Roaming\Code\User\workspaceStorage\759ceda8d500d5442b97ddd038e91e8d\redhat.java         {manageable} {command line}
   size_t InitialHeapSize                          = 104857600                                 {product} {command line}
   size_t MaxHeapSize                              = 2147483648                                {product} {command line}
   size_t MaxNewSize                               = 715653120                                 {product} {ergonomic}
   size_t MinHeapDeltaBytes                        = 524288                                    {product} {ergonomic}
   size_t MinHeapSize                              = 104857600                                 {product} {command line}
   size_t NewSize                                  = 34603008                                  {product} {ergonomic}
    uintx NonNMethodCodeHeapSize                   = 5839372                                {pd product} {ergonomic}
    uintx NonProfiledCodeHeapSize                  = 122909434                              {pd product} {ergonomic}
   size_t OldSize                                  = 70254592                                  {product} {ergonomic}
    uintx ProfiledCodeHeapSize                     = 122909434                              {pd product} {ergonomic}
    uintx ReservedCodeCacheSize                    = 251658240                              {pd product} {ergonomic}
     bool SegmentedCodeCache                       = true                                      {product} {ergonomic}
   size_t SoftMaxHeapSize                          = 2147483648                             {manageable} {ergonomic}
     bool UseCompressedOops                        = true                           {product lp64_product} {ergonomic}
     bool UseLargePagesIndividualAllocation        = false                                  {pd product} {ergonomic}
     bool UseParallelGC                            = true                                      {product} {command line}

Logging:
Log output configuration:
 #0: stdout all=off uptime,level,tags foldmultilines=false
 #1: stderr all=off uptime,level,tags foldmultilines=false

Environment Variables:
JAVA_HOME=C:\Program Files\Eclipse Adoptium\jdk-17.0.15.6-hotspot\
PATH=C:\Program Files\Eclipse Adoptium\jdk-17.0.15.6-hotspot\bin;C:\Program Files (x86)\Common Files\Oracle\Java\java8path;C:\Program Files (x86)\Common Files\Oracle\Java\javapath;C:\WINDOWS\system32;C:\WINDOWS;C:\WINDOWS\System32\Wbem;C:\WINDOWS\System32\WindowsPowerShell\v1.0\;C:\WINDOWS\System32\OpenSSH\;C:\Program Files\AutoFirma\AutoFirma;C:\Program Files\Java\jre1.8.0_461\bin;C:\Program Files\nodejs\;C:\Program Files\Git\cmd;C:\Program Files\Docker\Docker\resources\bin;C:\Users\Olga\AppData\Local\Microsoft\WindowsApps;C:\Users\Olga\AppData\Local\Programs\Microsoft VS Code\bin;C:\Users\Olga\AppData\Roaming\npm;C:\Users\Olga\Desktop\Control de acceso\apache-maven-3.9.11-bin\apache-maven-3.9.11\bin;
USERNAME=Olga
OS=Windows_NT
PROCESSOR_IDENTIFIER=Intel64 Family 6 Model 186 Stepping 2, GenuineIntel
TMP=C:\Users\Olga\AppData\Local\Temp
TEMP=C:\Users\Olga\AppData\Local\Temp




Periodic native trim disabled

---------------  S Y S T E M  ---------------

OS:
 Windows 11 , 64 bit Build 26100 (10.0.26100.7019)
OS uptime: 6 days 3:26 hours
Hyper-V role detected

CPU: total 12 (initial active 12) (6 cores per cpu, 2 threads per core) family 6 model 186 stepping 2 microcode 0x4122, cx8, cmov, fxsr, ht, mmx, 3dnowpref, sse, sse2, sse3, ssse3, sse4.1, sse4.2, popcnt, lzcnt, tsc, tscinvbit, avx, avx2, aes, erms, clmul, bmi1, bmi2, adx, sha, fma, vzeroupper, clflush, clflushopt, clwb, hv, serialize, rdtscp, rdpid, fsrm, f16c, cet_ibt, cet_ss
Processor Information for processor 0
  Max Mhz: 2100, Current Mhz: 2100, Mhz Limit: 2100
Processor Information for processor 1
  Max Mhz: 2100, Current Mhz: 2100, Mhz Limit: 2100
Processor Information for processor 2
  Max Mhz: 2100, Current Mhz: 2100, Mhz Limit: 2100
Processor Information for processor 3
  Max Mhz: 2100, Current Mhz: 2100, Mhz Limit: 2100
Processor Information for processor 4
  Max Mhz: 2100, Current Mhz: 2100, Mhz Limit: 2100
Processor Information for processor 5
  Max Mhz: 2100, Current Mhz: 2100, Mhz Limit: 2100
Processor Information for processor 6
  Max Mhz: 2100, Current Mhz: 2100, Mhz Limit: 2100
Processor Information for processor 7
  Max Mhz: 2100, Current Mhz: 2100, Mhz Limit: 2100
Processor Information for processor 8
  Max Mhz: 2100, Current Mhz: 1500, Mhz Limit: 1491
Processor Information for processor 9
  Max Mhz: 2100, Current Mhz: 1500, Mhz Limit: 1491
Processor Information for processor 10
  Max Mhz: 2100, Current Mhz: 1500, Mhz Limit: 1491
Processor Information for processor 11
  Max Mhz: 2100, Current Mhz: 1500, Mhz Limit: 1491

Memory: 4k page, system-wide physical 7915M (460M free)
TotalPageFile size 32491M (AvailPageFile size 3M)
current process WorkingSet (physical memory assigned to process): 8M, peak: 991M
current process commit charge ("private bytes"): 865M, peak: 1779M

vm_info: OpenJDK 64-Bit Server VM (21.0.8+9-LTS) for windows-amd64 JRE (21.0.8+9-LTS), built on 2025-07-15T00:00:00Z by "admin" with MS VC++ 17.7 (VS2022)

END.
